#
# A fatal error has been detected by the Java Runtime Environment:
#
#  SIGBUS (0x7) at pc=0x00007fb66af73ecd, pid=14419, tid=0x00007fb6727c0700
#
# JRE version: OpenJDK Runtime Environment (8.0_181-b13) (build 1.8.0_181-8u181-b13-1ubuntu0.16.04.1-b13)
# Java VM: OpenJDK 64-Bit Server VM (25.181-b13 mixed mode linux-amd64 compressed oops)
# Problematic frame:
# C  [libzip.so+0x4ecd]
#
# Failed to write core dump. Core dumps have been disabled. To enable core dumping, try "ulimit -c unlimited" before starting Java again
#
# If you would like to submit a bug report, please visit:
#   http://bugreport.java.com/bugreport/crash.jsp
# The crash happened outside the Java Virtual Machine in native code.
# See problematic frame for where to report the bug.
#

---------------  T H R E A D  ---------------

Current thread (0x00007fb66c00a800):  JavaThread "main" [_thread_in_native, id=14431, stack(0x00007fb6726c0000,0x00007fb6727c1000)]

siginfo: si_signo: 7 (SIGBUS), si_code: 2 (BUS_ADRERR), si_addr: 0x00007fb67260b4c7

Registers:
RAX=0x00007fb66c134fe0, RBX=0x00007fb66c10f740, RCX=0x00007fb67260b4a7, RDX=0x00007fb66c134fe0
RSP=0x00007fb6727bd7f0, RBP=0x00007fb6727bd860, RSI=0x00007fb66c000038, RDI=0x0000000000000003
R8 =0x0000000000000000, R9 =0x00007fb671981040, R10=0x00007fb65bf873db, R11=0x00007fb6713e4cd0
R12=0x00007fb66c10fc18, R13=0x00007fb6727bd908, R14=0x00007fb66c137920, R15=0x00007fb66c134fe0
RIP=0x00007fb66af73ecd, EFLAGS=0x0000000000010202, CSGSFS=0x002b000000000033, ERR=0x0000000000000004
  TRAPNO=0x000000000000000e

Top of Stack: (sp=0x00007fb6727bd7f0)
0x00007fb6727bd7f0:   00007fb6727bdd00 00007fb66c104fa0
0x00007fb6727bd800:   00007fb6727bdc60 00007fb66af72bcc
0x00007fb6727bd810:   00007fb6727bd820 0000000100000000
0x00007fb6727bd820:   000000006c00a800 00007fb6712fd060
0x00007fb6727bd830:   0000000000000039 00007fb66c10fc10
0x00007fb6727bd840:   0000000030bd2079 00007fb6727bd908
0x00007fb6727bd850:   00007fb66c137920 00007fb66c10f740
0x00007fb6727bd860:   00007fb6727bd8b0 00007fb66af74c64
0x00007fb6727bd870:   00007fb6727bd8d0 000000390151a500
0x00007fb6727bd880:   00007fb6727bd8b0 0000000000000039
0x00007fb6727bd890:   00007fb66c00a9e0 00007fb656aac140
0x00007fb6727bd8a0:   00007fb6727bddb0 00007fb66c10f740
0x00007fb6727bd8b0:   00007fb6727bdd10 00007fb66af72bcc
0x00007fb6727bd8c0:   00007fb6727bd8d0 0000000156a74780
0x00007fb6727bd8d0:   646172672f67726f 532f696c632f656c
0x00007fb6727bd8e0:   6f72506d65747379 4373656974726570
0x00007fb6727bd8f0:   694c646e616d6d6f 7265766e6f43656e
0x00007fb6727bd900:   73616c632e726574 00007fb656950073
0x00007fb6727bd910:   00007fb656b397f0 00007fb656aa38e8
0x00007fb6727bd920:   00007fb656cccfe8 0000000056aa39e8
0x00007fb6727bd930:   0000000056b39810 00007fb6720806ce
0x00007fb6727bd940:   00007fb656a744d8 00007fb656ae1870
0x00007fb6727bd950:   00007fb671544b01 00007fb6727be090
0x00007fb6727bd960:   0000000000000000 00007fb67205292d
0x00007fb6727bd970:   00007fb656a751c0 0000000056aa3988
0x00007fb6727bd980:   00007fb656b397d0 00007fb6727bda58
0x00007fb6727bd990:   00007fb6727bda48 00007fb656a74498
0x00007fb6727bd9a0:   00007fb600000000 00007fb656aa4170
0x00007fb6727bd9b0:   00007fb656ae1850 00007fb670ecaeb1
0x00007fb6727bd9c0:   00007fb6727bd9f0 41adcdb600000000
0x00007fb6727bd9d0:   00007fb66c04d640 0000000000000005
0x00007fb6727bd9e0:   00007fb6727bda20 00007fb670d30c2d 

Instructions: (pc=0x00007fb66af73ecd)
0x00007fb66af73ead:   40 30 00 00 00 00 48 c7 40 28 00 00 00 00 0f 84
0x00007fb66af73ebd:   bf 01 00 00 49 8b 0c 24 48 2b 4b 28 48 03 4b 18
0x00007fb66af73ecd:   0f b7 41 20 44 0f b7 69 1c 49 89 ce 44 0f b7 61
0x00007fb66af73edd:   1e 89 45 c0 41 8b 46 0c 48 c7 45 c8 00 00 00 00 

Register to memory mapping:

RAX=0x00007fb66c134fe0 is an unknown value
RBX=0x00007fb66c10f740 is an unknown value
RCX=0x00007fb67260b4a7 is an unknown value
RDX=0x00007fb66c134fe0 is an unknown value
RSP=0x00007fb6727bd7f0 is pointing into the stack for thread: 0x00007fb66c00a800
RBP=0x00007fb6727bd860 is pointing into the stack for thread: 0x00007fb66c00a800
RSI=0x00007fb66c000038 is an unknown value
RDI=0x0000000000000003 is an unknown value
R8 =0x0000000000000000 is an unknown value
R9 =0x00007fb671981040: <offset 0xf01040> in /usr/lib/jvm/java-8-openjdk-amd64/jre/lib/amd64/server/libjvm.so at 0x00007fb670a80000
R10=0x00007fb65bf873db is at code_begin+859 in an Interpreter codelet
method entry point (kind = native)  [0x00007fb65bf87080, 0x00007fb65bf87a00]  2432 bytes
R11=0x00007fb6713e4cd0: <offset 0x964cd0> in /usr/lib/jvm/java-8-openjdk-amd64/jre/lib/amd64/server/libjvm.so at 0x00007fb670a80000
R12=0x00007fb66c10fc18 is an unknown value
R13=0x00007fb6727bd908 is pointing into the stack for thread: 0x00007fb66c00a800
R14=0x00007fb66c137920 is an unknown value
R15=0x00007fb66c134fe0 is an unknown value


Stack: [0x00007fb6726c0000,0x00007fb6727c1000],  sp=0x00007fb6727bd7f0,  free space=1013k
Native frames: (J=compiled Java code, j=interpreted, Vv=VM code, C=native code)
C  [libzip.so+0x4ecd]
C  [libzip.so+0x5c64]
C  [libzip.so+0x3bcc]  Java_java_util_zip_ZipFile_getEntry+0xfc
j  java.util.zip.ZipFile.getEntry(J[BZ)J+0
j  java.util.zip.ZipFile.getEntry(Ljava/lang/String;)Ljava/util/zip/ZipEntry;+38
j  java.util.jar.JarFile.getEntry(Ljava/lang/String;)Ljava/util/zip/ZipEntry;+2
j  java.util.jar.JarFile.getJarEntry(Ljava/lang/String;)Ljava/util/jar/JarEntry;+2
j  sun.misc.URLClassPath$JarLoader.getResource(Ljava/lang/String;Z)Lsun/misc/Resource;+42
j  sun.misc.URLClassPath.getResource(Ljava/lang/String;Z)Lsun/misc/Resource;+62
j  java.net.URLClassLoader$1.run()Ljava/lang/Class;+26
j  java.net.URLClassLoader$1.run()Ljava/lang/Object;+1
v  ~StubRoutines::call_stub
V  [libjvm.so+0x666a0b]
V  [libjvm.so+0x6b7b09]  JVM_DoPrivileged+0x429
j  java.security.AccessController.doPrivileged(Ljava/security/PrivilegedExceptionAction;Ljava/security/AccessControlContext;)Ljava/lang/Object;+0
j  java.net.URLClassLoader.findClass(Ljava/lang/String;)Ljava/lang/Class;+13
j  java.lang.ClassLoader.loadClass(Ljava/lang/String;Z)Ljava/lang/Class;+70
j  sun.misc.Launcher$AppClassLoader.loadClass(Ljava/lang/String;Z)Ljava/lang/Class;+81
j  java.lang.ClassLoader.loadClass(Ljava/lang/String;)Ljava/lang/Class;+3
v  ~StubRoutines::call_stub
V  [libjvm.so+0x666a0b]
V  [libjvm.so+0x663fe4]
V  [libjvm.so+0x664643]
V  [libjvm.so+0x9e6cfd]
V  [libjvm.so+0x9e5696]
V  [libjvm.so+0x9e77ba]
V  [libjvm.so+0x4b92b5]
V  [libjvm.so+0x65342f]
j  org.gradle.wrapper.GradleWrapperMain.main([Ljava/lang/String;)V+72
v  ~StubRoutines::call_stub
V  [libjvm.so+0x666a0b]
V  [libjvm.so+0x6886fe]
V  [libjvm.so+0x68b02f]
C  [libjli.so+0x3552]
C  [libjli.so+0x74ed]
C  [libpthread.so.0+0x76ba]  start_thread+0xca

Java frames: (J=compiled Java code, j=interpreted, Vv=VM code)
j  java.util.zip.ZipFile.getEntry(J[BZ)J+0
j  java.util.zip.ZipFile.getEntry(Ljava/lang/String;)Ljava/util/zip/ZipEntry;+38
j  java.util.jar.JarFile.getEntry(Ljava/lang/String;)Ljava/util/zip/ZipEntry;+2
j  java.util.jar.JarFile.getJarEntry(Ljava/lang/String;)Ljava/util/jar/JarEntry;+2
j  sun.misc.URLClassPath$JarLoader.getResource(Ljava/lang/String;Z)Lsun/misc/Resource;+42
j  sun.misc.URLClassPath.getResource(Ljava/lang/String;Z)Lsun/misc/Resource;+62
j  java.net.URLClassLoader$1.run()Ljava/lang/Class;+26
j  java.net.URLClassLoader$1.run()Ljava/lang/Object;+1
v  ~StubRoutines::call_stub
j  java.security.AccessController.doPrivileged(Ljava/security/PrivilegedExceptionAction;Ljava/security/AccessControlContext;)Ljava/lang/Object;+0
j  java.net.URLClassLoader.findClass(Ljava/lang/String;)Ljava/lang/Class;+13
j  java.lang.ClassLoader.loadClass(Ljava/lang/String;Z)Ljava/lang/Class;+70
j  sun.misc.Launcher$AppClassLoader.loadClass(Ljava/lang/String;Z)Ljava/lang/Class;+81
j  java.lang.ClassLoader.loadClass(Ljava/lang/String;)Ljava/lang/Class;+3
v  ~StubRoutines::call_stub
j  org.gradle.wrapper.GradleWrapperMain.main([Ljava/lang/String;)V+72
v  ~StubRoutines::call_stub

---------------  P R O C E S S  ---------------

Java Threads: ( => current thread )
  0x00007fb66c0b7000 JavaThread "Service Thread" daemon [_thread_blocked, id=14443, stack(0x00007fb654f5b000,0x00007fb65505c000)]
  0x00007fb66c0b2000 JavaThread "C1 CompilerThread2" daemon [_thread_blocked, id=14442, stack(0x00007fb65505c000,0x00007fb65515d000)]
  0x00007fb66c0b0000 JavaThread "C2 CompilerThread1" daemon [_thread_blocked, id=14441, stack(0x00007fb65515d000,0x00007fb65525e000)]
  0x00007fb66c0ad000 JavaThread "C2 CompilerThread0" daemon [_thread_blocked, id=14440, stack(0x00007fb65525e000,0x00007fb65535f000)]
  0x00007fb66c0ab000 JavaThread "Signal Dispatcher" daemon [_thread_blocked, id=14439, stack(0x00007fb65535f000,0x00007fb655460000)]
  0x00007fb66c084800 JavaThread "Finalizer" daemon [_thread_blocked, id=14438, stack(0x00007fb655460000,0x00007fb655561000)]
  0x00007fb66c082000 JavaThread "Reference Handler" daemon [_thread_blocked, id=14437, stack(0x00007fb655561000,0x00007fb655662000)]
=>0x00007fb66c00a800 JavaThread "main" [_thread_in_native, id=14431, stack(0x00007fb6726c0000,0x00007fb6727c1000)]

Other Threads:
  0x00007fb66c078000 VMThread [stack: 0x00007fb655662000,0x00007fb655763000] [id=14436]
  0x00007fb66c0b9800 WatcherThread [stack: 0x00007fb654e5a000,0x00007fb654f5b000] [id=14444]

VM state:not at safepoint (normal execution)

VM Mutex/Monitor currently owned by a thread: None

Heap:
 PSYoungGen      total 36864K, used 1904K [0x00000000d6f00000, 0x00000000d9800000, 0x0000000100000000)
  eden space 31744K, 6% used [0x00000000d6f00000,0x00000000d70dc2f0,0x00000000d8e00000)
  from space 5120K, 0% used [0x00000000d9300000,0x00000000d9300000,0x00000000d9800000)
  to   space 5120K, 0% used [0x00000000d8e00000,0x00000000d8e00000,0x00000000d9300000)
 ParOldGen       total 84992K, used 0K [0x0000000084c00000, 0x0000000089f00000, 0x00000000d6f00000)
  object space 84992K, 0% used [0x0000000084c00000,0x0000000084c00000,0x0000000089f00000)
 Metaspace       used 3009K, capacity 4566K, committed 4864K, reserved 1056768K
  class space    used 325K, capacity 390K, committed 512K, reserved 1048576K

Card table byte_map: [0x00007fb65b7d4000,0x00007fb65bbaf000] byte_map_base: 0x00007fb65b3ae000

Marking Bits: (ParMarkBitMap*) 0x00007fb6719ad3a0
 Begin Bits: [0x00007fb65749f000, 0x00007fb65936f000)
 End Bits:   [0x00007fb65936f000, 0x00007fb65b23f000)

Polling page: 0x00007fb672801000

CodeCache: size=245760Kb used=1109Kb max_used=1112Kb free=244650Kb
 bounds [0x00007fb65bf6f000, 0x00007fb65c1df000, 0x00007fb66af6f000]
 total_blobs=266 nmethods=28 adapters=153
 compilation: enabled

Compilation events (10 events):
Event: 0.097 Thread 0x00007fb66c0ad000   23       4       java.lang.String::charAt (29 bytes)
Event: 0.098 Thread 0x00007fb66c0ad000 nmethod 23 0x00007fb65c084f10 code [0x00007fb65c085060, 0x00007fb65c085138]
Event: 0.099 Thread 0x00007fb66c0b2000   24       3       java.lang.String::<init> (82 bytes)
Event: 0.099 Thread 0x00007fb66c0b2000 nmethod 24 0x00007fb65c0845d0 code [0x00007fb65c0847a0, 0x00007fb65c084c78]
Event: 0.100 Thread 0x00007fb66c0b2000   25       3       java.util.concurrent.ConcurrentHashMap::tabAt (21 bytes)
Event: 0.100 Thread 0x00007fb66c0b2000 nmethod 25 0x00007fb65c084190 code [0x00007fb65c084300, 0x00007fb65c084530]
Event: 0.102 Thread 0x00007fb66c0b2000   27       3       java.util.HashMap::hash (20 bytes)
Event: 0.102 Thread 0x00007fb66c0b2000 nmethod 27 0x00007fb65c083990 code [0x00007fb65c083b00, 0x00007fb65c083d48]
Event: 0.104 Thread 0x00007fb66c0b2000   28       1       java.util.ArrayList::size (5 bytes)
Event: 0.104 Thread 0x00007fb66c0b2000 nmethod 28 0x00007fb65c082f50 code [0x00007fb65c0830a0, 0x00007fb65c0831b0]

GC Heap History (0 events):
No events

Deoptimization events (0 events):
No events

Classes redefined (0 events):
No events

Internal exceptions (2 events):
Event: 0.023 Thread 0x00007fb66c00a800 Exception <a 'java/lang/NoSuchMethodError': Method sun.misc.Unsafe.defineClass(Ljava/lang/String;[BII)Ljava/lang/Class; name or signature does not match> (0x00000000d6f07cb0) thrown at [/build/openjdk-8-lTwZJE/openjdk-8-8u181-b13/src/hotspot/src/share/vm/
Event: 0.023 Thread 0x00007fb66c00a800 Exception <a 'java/lang/NoSuchMethodError': Method sun.misc.Unsafe.prefetchRead(Ljava/lang/Object;J)V name or signature does not match> (0x00000000d6f07f98) thrown at [/build/openjdk-8-lTwZJE/openjdk-8-8u181-b13/src/hotspot/src/share/vm/prims/jni.cpp, lin

Events (10 events):
Event: 0.104 loading class org/gradle/cli/CommandLineOption
Event: 0.104 loading class org/gradle/cli/CommandLineOption done
Event: 0.105 loading class java/util/HashMap$KeySet
Event: 0.105 loading class java/util/HashMap$KeySet done
Event: 0.105 loading class java/util/HashMap$KeyIterator
Event: 0.105 loading class java/util/HashMap$HashIterator
Event: 0.105 loading class java/util/HashMap$HashIterator done
Event: 0.105 loading class java/util/HashMap$KeyIterator done
Event: 0.105 loading class org/gradle/cli/SystemPropertiesCommandLineConverter
Event: 0.105 loading class org/gradle/cli/SystemPropertiesCommandLineConverter done


Dynamic libraries:
00400000-00401000 r-xp 00000000 08:02 37490547                           /usr/lib/jvm/java-8-openjdk-amd64/jre/bin/java
00600000-00601000 r--p 00000000 08:02 37490547                           /usr/lib/jvm/java-8-openjdk-amd64/jre/bin/java
00601000-00602000 rw-p 00001000 08:02 37490547                           /usr/lib/jvm/java-8-openjdk-amd64/jre/bin/java
023fc000-0241d000 rw-p 00000000 00:00 0                                  [heap]
84c00000-89f00000 rw-p 00000000 00:00 0 
89f00000-d6f00000 ---p 00000000 00:00 0 
d6f00000-d9800000 rw-p 00000000 00:00 0 
d9800000-100000000 ---p 00000000 00:00 0 
100000000-100080000 rw-p 00000000 00:00 0 
100080000-140000000 ---p 00000000 00:00 0 
7fb618000000-7fb618021000 rw-p 00000000 00:00 0 
7fb618021000-7fb61c000000 ---p 00000000 00:00 0 
7fb620000000-7fb62004d000 rw-p 00000000 00:00 0 
7fb62004d000-7fb624000000 ---p 00000000 00:00 0 
7fb624000000-7fb624021000 rw-p 00000000 00:00 0 
7fb624021000-7fb628000000 ---p 00000000 00:00 0 
7fb628000000-7fb628057000 rw-p 00000000 00:00 0 
7fb628057000-7fb62c000000 ---p 00000000 00:00 0 
7fb62c000000-7fb62c021000 rw-p 00000000 00:00 0 
7fb62c021000-7fb630000000 ---p 00000000 00:00 0 
7fb630000000-7fb630021000 rw-p 00000000 00:00 0 
7fb630021000-7fb634000000 ---p 00000000 00:00 0 
7fb634000000-7fb634021000 rw-p 00000000 00:00 0 
7fb634021000-7fb638000000 ---p 00000000 00:00 0 
7fb638000000-7fb638021000 rw-p 00000000 00:00 0 
7fb638021000-7fb63c000000 ---p 00000000 00:00 0 
7fb63c000000-7fb63c021000 rw-p 00000000 00:00 0 
7fb63c021000-7fb640000000 ---p 00000000 00:00 0 
7fb640000000-7fb640021000 rw-p 00000000 00:00 0 
7fb640021000-7fb644000000 ---p 00000000 00:00 0 
7fb644000000-7fb644021000 rw-p 00000000 00:00 0 
7fb644021000-7fb648000000 ---p 00000000 00:00 0 
7fb648000000-7fb648021000 rw-p 00000000 00:00 0 
7fb648021000-7fb64c000000 ---p 00000000 00:00 0 
7fb650000000-7fb650021000 rw-p 00000000 00:00 0 
7fb650021000-7fb654000000 ---p 00000000 00:00 0 
7fb654e24000-7fb654e3f000 r--s 00394000 08:02 37490636                   /usr/lib/jvm/java-8-openjdk-amd64/jre/lib/ext/cldrdata.jar
7fb654e3f000-7fb654e5a000 r--s 001d6000 08:02 37490639                   /usr/lib/jvm/java-8-openjdk-amd64/jre/lib/ext/nashorn.jar
7fb654e5a000-7fb654e5b000 ---p 00000000 00:00 0 
7fb654e5b000-7fb654f5b000 rw-p 00000000 00:00 0 
7fb654f5b000-7fb654f5e000 ---p 00000000 00:00 0 
7fb654f5e000-7fb65505c000 rw-p 00000000 00:00 0 
7fb65505c000-7fb65505f000 ---p 00000000 00:00 0 
7fb65505f000-7fb65515d000 rw-p 00000000 00:00 0 
7fb65515d000-7fb655160000 ---p 00000000 00:00 0 
7fb655160000-7fb65525e000 rw-p 00000000 00:00 0 
7fb65525e000-7fb655261000 ---p 00000000 00:00 0 
7fb655261000-7fb65535f000 rw-p 00000000 00:00 0 
7fb65535f000-7fb655362000 ---p 00000000 00:00 0 
7fb655362000-7fb655460000 rw-p 00000000 00:00 0 
7fb655460000-7fb655463000 ---p 00000000 00:00 0 
7fb655463000-7fb655561000 rw-p 00000000 00:00 0 
7fb655561000-7fb655564000 ---p 00000000 00:00 0 
7fb655564000-7fb655662000 rw-p 00000000 00:00 0 
7fb655662000-7fb655663000 ---p 00000000 00:00 0 
7fb655663000-7fb6566f6000 rw-p 00000000 00:00 0 
7fb6566f6000-7fb6568c5000 r--s 03c33000 08:02 37490646                   /usr/lib/jvm/java-8-openjdk-amd64/jre/lib/rt.jar
7fb6568c5000-7fb656d05000 rw-p 00000000 00:00 0 
7fb656d05000-7fb6570c5000 ---p 00000000 00:00 0 
7fb6570c5000-7fb65b23f000 rw-p 00000000 00:00 0 
7fb65b23f000-7fb65b240000 ---p 00000000 00:00 0 
7fb65b240000-7fb65b340000 rw-p 00000000 00:00 0 
7fb65b340000-7fb65b341000 ---p 00000000 00:00 0 
7fb65b341000-7fb65b441000 rw-p 00000000 00:00 0 
7fb65b441000-7fb65b442000 ---p 00000000 00:00 0 
7fb65b442000-7fb65b56c000 rw-p 00000000 00:00 0 
7fb65b56c000-7fb65b7d4000 ---p 00000000 00:00 0 
7fb65b7d4000-7fb65b7fe000 rw-p 00000000 00:00 0 
7fb65b7fe000-7fb65ba65000 ---p 00000000 00:00 0 
7fb65ba65000-7fb65ba7a000 rw-p 00000000 00:00 0 
7fb65ba7a000-7fb65bbae000 ---p 00000000 00:00 0 
7fb65bbae000-7fb65bbb9000 rw-p 00000000 00:00 0 
7fb65bbb9000-7fb65bf6f000 ---p 00000000 00:00 0 
7fb65bf6f000-7fb65c1df000 rwxp 00000000 00:00 0 
7fb65c1df000-7fb66af6f000 ---p 00000000 00:00 0 
7fb66af6f000-7fb66af77000 r-xp 00000000 08:02 37490597                   /usr/lib/jvm/java-8-openjdk-amd64/jre/lib/amd64/libzip.so
7fb66af77000-7fb66b176000 ---p 00008000 08:02 37490597                   /usr/lib/jvm/java-8-openjdk-amd64/jre/lib/amd64/libzip.so
7fb66b176000-7fb66b177000 r--p 00007000 08:02 37490597                   /usr/lib/jvm/java-8-openjdk-amd64/jre/lib/amd64/libzip.so
7fb66b177000-7fb66b178000 rw-p 00008000 08:02 37490597                   /usr/lib/jvm/java-8-openjdk-amd64/jre/lib/amd64/libzip.so
7fb66b178000-7fb66b183000 r-xp 00000000 08:02 25170585                   /lib/x86_64-linux-gnu/libnss_files-2.23.so
7fb66b183000-7fb66b382000 ---p 0000b000 08:02 25170585                   /lib/x86_64-linux-gnu/libnss_files-2.23.so
7fb66b382000-7fb66b383000 r--p 0000a000 08:02 25170585                   /lib/x86_64-linux-gnu/libnss_files-2.23.so
7fb66b383000-7fb66b384000 rw-p 0000b000 08:02 25170585                   /lib/x86_64-linux-gnu/libnss_files-2.23.so
7fb66b384000-7fb66b38a000 rw-p 00000000 00:00 0 
7fb66b38a000-7fb66b395000 r-xp 00000000 08:02 25170595                   /lib/x86_64-linux-gnu/libnss_nis-2.23.so
7fb66b395000-7fb66b594000 ---p 0000b000 08:02 25170595                   /lib/x86_64-linux-gnu/libnss_nis-2.23.so
7fb66b594000-7fb66b595000 r--p 0000a000 08:02 25170595                   /lib/x86_64-linux-gnu/libnss_nis-2.23.so
7fb66b595000-7fb66b596000 rw-p 0000b000 08:02 25170595                   /lib/x86_64-linux-gnu/libnss_nis-2.23.so
7fb66b596000-7fb66b5ac000 r-xp 00000000 08:02 25170579                   /lib/x86_64-linux-gnu/libnsl-2.23.so
7fb66b5ac000-7fb66b7ab000 ---p 00016000 08:02 25170579                   /lib/x86_64-linux-gnu/libnsl-2.23.so
7fb66b7ab000-7fb66b7ac000 r--p 00015000 08:02 25170579                   /lib/x86_64-linux-gnu/libnsl-2.23.so
7fb66b7ac000-7fb66b7ad000 rw-p 00016000 08:02 25170579                   /lib/x86_64-linux-gnu/libnsl-2.23.so
7fb66b7ad000-7fb66b7af000 rw-p 00000000 00:00 0 
7fb66b7af000-7fb66b7b7000 r-xp 00000000 08:02 25170581                   /lib/x86_64-linux-gnu/libnss_compat-2.23.so
7fb66b7b7000-7fb66b9b6000 ---p 00008000 08:02 25170581                   /lib/x86_64-linux-gnu/libnss_compat-2.23.so
7fb66b9b6000-7fb66b9b7000 r--p 00007000 08:02 25170581                   /lib/x86_64-linux-gnu/libnss_compat-2.23.so
7fb66b9b7000-7fb66b9b8000 rw-p 00008000 08:02 25170581                   /lib/x86_64-linux-gnu/libnss_compat-2.23.so
7fb66b9b8000-7fb66b9e5000 r-xp 00000000 08:02 37490617                   /usr/lib/jvm/java-8-openjdk-amd64/jre/lib/amd64/libjava.so
7fb66b9e5000-7fb66bbe4000 ---p 0002d000 08:02 37490617                   /usr/lib/jvm/java-8-openjdk-amd64/jre/lib/amd64/libjava.so
7fb66bbe4000-7fb66bbe5000 r--p 0002c000 08:02 37490617                   /usr/lib/jvm/java-8-openjdk-amd64/jre/lib/amd64/libjava.so
7fb66bbe5000-7fb66bbe7000 rw-p 0002d000 08:02 37490617                   /usr/lib/jvm/java-8-openjdk-amd64/jre/lib/amd64/libjava.so
7fb66bbe7000-7fb66bbf6000 r-xp 00000000 08:02 37490589                   /usr/lib/jvm/java-8-openjdk-amd64/jre/lib/amd64/libverify.so
7fb66bbf6000-7fb66bdf5000 ---p 0000f000 08:02 37490589                   /usr/lib/jvm/java-8-openjdk-amd64/jre/lib/amd64/libverify.so
7fb66bdf5000-7fb66bdf7000 r--p 0000e000 08:02 37490589                   /usr/lib/jvm/java-8-openjdk-amd64/jre/lib/amd64/libverify.so
7fb66bdf7000-7fb66bdf8000 rw-p 00010000 08:02 37490589                   /usr/lib/jvm/java-8-openjdk-amd64/jre/lib/amd64/libverify.so
7fb66bdf8000-7fb66bdff000 r-xp 00000000 08:02 25170640                   /lib/x86_64-linux-gnu/librt-2.23.so
7fb66bdff000-7fb66bffe000 ---p 00007000 08:02 25170640                   /lib/x86_64-linux-gnu/librt-2.23.so
7fb66bffe000-7fb66bfff000 r--p 00006000 08:02 25170640                   /lib/x86_64-linux-gnu/librt-2.23.so
7fb66bfff000-7fb66c000000 rw-p 00007000 08:02 25170640                   /lib/x86_64-linux-gnu/librt-2.23.so
7fb66c000000-7fb66c14f000 rw-p 00000000 00:00 0 
7fb66c14f000-7fb670000000 ---p 00000000 00:00 0 
7fb67001a000-7fb6700de000 rw-p 00000000 00:00 0 
7fb6700de000-7fb6700df000 ---p 00000000 00:00 0 
7fb6700df000-7fb6701df000 rw-p 00000000 00:00 0 
7fb6701df000-7fb6701f5000 r-xp 00000000 08:02 25170524                   /lib/x86_64-linux-gnu/libgcc_s.so.1
7fb6701f5000-7fb6703f4000 ---p 00016000 08:02 25170524                   /lib/x86_64-linux-gnu/libgcc_s.so.1
7fb6703f4000-7fb6703f5000 rw-p 00015000 08:02 25170524                   /lib/x86_64-linux-gnu/libgcc_s.so.1
7fb6703f5000-7fb6704fd000 r-xp 00000000 08:02 25170556                   /lib/x86_64-linux-gnu/libm-2.23.so
7fb6704fd000-7fb6706fc000 ---p 00108000 08:02 25170556                   /lib/x86_64-linux-gnu/libm-2.23.so
7fb6706fc000-7fb6706fd000 r--p 00107000 08:02 25170556                   /lib/x86_64-linux-gnu/libm-2.23.so
7fb6706fd000-7fb6706fe000 rw-p 00108000 08:02 25170556                   /lib/x86_64-linux-gnu/libm-2.23.so
7fb6706fe000-7fb670870000 r-xp 00000000 08:02 33039149                   /usr/lib/x86_64-linux-gnu/libstdc++.so.6.0.21
7fb670870000-7fb670a70000 ---p 00172000 08:02 33039149                   /usr/lib/x86_64-linux-gnu/libstdc++.so.6.0.21
7fb670a70000-7fb670a7a000 r--p 00172000 08:02 33039149                   /usr/lib/x86_64-linux-gnu/libstdc++.so.6.0.21
7fb670a7a000-7fb670a7c000 rw-p 0017c000 08:02 33039149                   /usr/lib/x86_64-linux-gnu/libstdc++.so.6.0.21
7fb670a7c000-7fb670a80000 rw-p 00000000 00:00 0 
7fb670a80000-7fb6716dd000 r-xp 00000000 08:02 37490595                   /usr/lib/jvm/java-8-openjdk-amd64/jre/lib/amd64/server/libjvm.so
7fb6716dd000-7fb6718dd000 ---p 00c5d000 08:02 37490595                   /usr/lib/jvm/java-8-openjdk-amd64/jre/lib/amd64/server/libjvm.so
7fb6718dd000-7fb671971000 r--p 00c5d000 08:02 37490595                   /usr/lib/jvm/java-8-openjdk-amd64/jre/lib/amd64/server/libjvm.so
7fb671971000-7fb67199a000 rw-p 00cf1000 08:02 37490595                   /usr/lib/jvm/java-8-openjdk-amd64/jre/lib/amd64/server/libjvm.so
7fb67199a000-7fb6719ca000 rw-p 00000000 00:00 0 
7fb6719ca000-7fb6719e2000 r-xp 00000000 08:02 25170632                   /lib/x86_64-linux-gnu/libpthread-2.23.so
7fb6719e2000-7fb671be1000 ---p 00018000 08:02 25170632                   /lib/x86_64-linux-gnu/libpthread-2.23.so
7fb671be1000-7fb671be2000 r--p 00017000 08:02 25170632                   /lib/x86_64-linux-gnu/libpthread-2.23.so
7fb671be2000-7fb671be3000 rw-p 00018000 08:02 25170632                   /lib/x86_64-linux-gnu/libpthread-2.23.so
7fb671be3000-7fb671be7000 rw-p 00000000 00:00 0 
7fb671be7000-7fb671bea000 r-xp 00000000 08:02 25170510                   /lib/x86_64-linux-gnu/libdl-2.23.so
7fb671bea000-7fb671de9000 ---p 00003000 08:02 25170510                   /lib/x86_64-linux-gnu/libdl-2.23.so
7fb671de9000-7fb671dea000 r--p 00002000 08:02 25170510                   /lib/x86_64-linux-gnu/libdl-2.23.so
7fb671dea000-7fb671deb000 rw-p 00003000 08:02 25170510                   /lib/x86_64-linux-gnu/libdl-2.23.so
7fb671deb000-7fb671e04000 r-xp 00000000 08:02 25170677                   /lib/x86_64-linux-gnu/libz.so.1.2.8
7fb671e04000-7fb672003000 ---p 00019000 08:02 25170677                   /lib/x86_64-linux-gnu/libz.so.1.2.8
7fb672003000-7fb672004000 r--p 00018000 08:02 25170677                   /lib/x86_64-linux-gnu/libz.so.1.2.8
7fb672004000-7fb672005000 rw-p 00019000 08:02 25170677                   /lib/x86_64-linux-gnu/libz.so.1.2.8
7fb672005000-7fb6721c5000 r-xp 00000000 08:02 25170486                   /lib/x86_64-linux-gnu/libc-2.23.so
7fb6721c5000-7fb6723c5000 ---p 001c0000 08:02 25170486                   /lib/x86_64-linux-gnu/libc-2.23.so
7fb6723c5000-7fb6723c9000 r--p 001c0000 08:02 25170486                   /lib/x86_64-linux-gnu/libc-2.23.so
7fb6723c9000-7fb6723cb000 rw-p 001c4000 08:02 25170486                   /lib/x86_64-linux-gnu/libc-2.23.so
7fb6723cb000-7fb6723cf000 rw-p 00000000 00:00 0 
7fb6723cf000-7fb6723dc000 r-xp 00000000 08:02 37490593                   /usr/lib/jvm/java-8-openjdk-amd64/jre/lib/amd64/jli/libjli.so
7fb6723dc000-7fb6725dc000 ---p 0000d000 08:02 37490593                   /usr/lib/jvm/java-8-openjdk-amd64/jre/lib/amd64/jli/libjli.so
7fb6725dc000-7fb6725dd000 r--p 0000d000 08:02 37490593                   /usr/lib/jvm/java-8-openjdk-amd64/jre/lib/amd64/jli/libjli.so
7fb6725dd000-7fb6725de000 rw-p 0000e000 08:02 37490593                   /usr/lib/jvm/java-8-openjdk-amd64/jre/lib/amd64/jli/libjli.so
7fb6725de000-7fb672604000 r-xp 00000000 08:02 25170458                   /lib/x86_64-linux-gnu/ld-2.23.so
7fb67260a000-7fb67260c000 r--s 0000c000 08:02 45352130                   /home/viktor/Desktop/3_sempro/MySqlROS/build/beginner_tutorials/java/beginner_tutorials/gradle/wrapper/gradle-wrapper.jar
7fb67260c000-7fb672612000 r--s 0003b000 08:02 37490645                   /usr/lib/jvm/java-8-openjdk-amd64/jre/lib/ext/sunjce_provider.jar
7fb672612000-7fb67261c000 r--s 00116000 08:02 37490637                   /usr/lib/jvm/java-8-openjdk-amd64/jre/lib/ext/localedata.jar
7fb67261c000-7fb6726c0000 rw-p 00000000 00:00 0 
7fb6726c0000-7fb6726c3000 ---p 00000000 00:00 0 
7fb6726c3000-7fb6727c5000 rw-p 00000000 00:00 0 
7fb6727c5000-7fb6727c8000 r--s 00038000 08:02 37490641                   /usr/lib/jvm/java-8-openjdk-amd64/jre/lib/ext/sunpkcs11.jar
7fb6727c8000-7fb6727cb000 r--s 0000f000 08:02 37490638                   /usr/lib/jvm/java-8-openjdk-amd64/jre/lib/ext/icedtea-sound.jar
7fb6727cb000-7fb6727cd000 r--s 00008000 08:02 37490640                   /usr/lib/jvm/java-8-openjdk-amd64/jre/lib/ext/sunec.jar
7fb6727cd000-7fb6727ce000 r--s 0000a000 08:02 37490643                   /usr/lib/jvm/java-8-openjdk-amd64/jre/lib/ext/jaccess.jar
7fb6727ce000-7fb6727cf000 r--s 00010000 08:02 37490644                   /usr/lib/jvm/java-8-openjdk-amd64/jre/lib/ext/zipfs.jar
7fb6727cf000-7fb6727d1000 r--s 00001000 08:02 37490642                   /usr/lib/jvm/java-8-openjdk-amd64/jre/lib/ext/dnsns.jar
7fb6727d1000-7fb6727f8000 rw-p 00000000 00:00 0 
7fb6727f8000-7fb672800000 rw-s 00000000 08:02 20709492                   /tmp/hsperfdata_viktor/14419
7fb672800000-7fb672801000 rw-p 00000000 00:00 0 
7fb672801000-7fb672802000 r--p 00000000 00:00 0 
7fb672802000-7fb672803000 rw-p 00000000 00:00 0 
7fb672803000-7fb672804000 r--p 00025000 08:02 25170458                   /lib/x86_64-linux-gnu/ld-2.23.so
7fb672804000-7fb672805000 rw-p 00026000 08:02 25170458                   /lib/x86_64-linux-gnu/ld-2.23.so
7fb672805000-7fb672806000 rw-p 00000000 00:00 0 
7ffe7c752000-7ffe7c773000 rw-p 00000000 00:00 0                          [stack]
7ffe7c788000-7ffe7c78b000 r--p 00000000 00:00 0                          [vvar]
7ffe7c78b000-7ffe7c78d000 r-xp 00000000 00:00 0                          [vdso]
ffffffffff600000-ffffffffff601000 r-xp 00000000 00:00 0                  [vsyscall]

VM Arguments:
jvm_args: -Dorg.gradle.appname=gradlew 
java_command: org.gradle.wrapper.GradleWrapperMain --quiet
java_class_path (initial): /home/viktor/Desktop/3_sempro/MySqlROS/build/beginner_tutorials/java/beginner_tutorials/gradle/wrapper/gradle-wrapper.jar
Launcher Type: SUN_STANDARD

Environment Variables:
PATH=/home/viktor/rosjava/devel/bin:/opt/ros/kinetic/bin:/home/viktor/bin:/home/viktor/.local/bin:/usr/local/sbin:/usr/local/bin:/usr/sbin:/usr/bin:/sbin:/bin:/usr/games:/usr/local/games:/snap/bin
LD_LIBRARY_PATH=/home/viktor/Desktop/3_sempro/MySqlROS/devel/lib:/home/viktor/rosjava/devel/lib:/opt/ros/kinetic/lib:/opt/ros/kinetic/lib/x86_64-linux-gnu
SHELL=/bin/bash
DISPLAY=:0

Signal Handlers:
SIGSEGV: [libjvm.so+0xa71a70], sa_mask[0]=11111111011111111101111111111110, sa_flags=SA_RESTART|SA_SIGINFO
SIGBUS: [libjvm.so+0xa71a70], sa_mask[0]=11111111011111111101111111111110, sa_flags=SA_RESTART|SA_SIGINFO
SIGFPE: [libjvm.so+0x8b8f80], sa_mask[0]=11111111011111111101111111111110, sa_flags=SA_RESTART|SA_SIGINFO
SIGPIPE: [libjvm.so+0x8b8f80], sa_mask[0]=11111111011111111101111111111110, sa_flags=SA_RESTART|SA_SIGINFO
SIGXFSZ: [libjvm.so+0x8b8f80], sa_mask[0]=11111111011111111101111111111110, sa_flags=SA_RESTART|SA_SIGINFO
SIGILL: [libjvm.so+0x8b8f80], sa_mask[0]=11111111011111111101111111111110, sa_flags=SA_RESTART|SA_SIGINFO
SIGUSR1: SIG_DFL, sa_mask[0]=00000000000000000000000000000000, sa_flags=none
SIGUSR2: [libjvm.so+0x8b8e30], sa_mask[0]=00000000000000000000000000000000, sa_flags=SA_RESTART|SA_SIGINFO
SIGHUP: [libjvm.so+0x8b9300], sa_mask[0]=11111111011111111101111111111110, sa_flags=SA_RESTART|SA_SIGINFO
SIGINT: [libjvm.so+0x8b9300], sa_mask[0]=11111111011111111101111111111110, sa_flags=SA_RESTART|SA_SIGINFO
SIGTERM: [libjvm.so+0x8b9300], sa_mask[0]=11111111011111111101111111111110, sa_flags=SA_RESTART|SA_SIGINFO
SIGQUIT: [libjvm.so+0x8b9300], sa_mask[0]=11111111011111111101111111111110, sa_flags=SA_RESTART|SA_SIGINFO


---------------  S Y S T E M  ---------------

OS:DISTRIB_ID=Ubuntu
DISTRIB_RELEASE=16.04
DISTRIB_CODENAME=xenial
DISTRIB_DESCRIPTION="Ubuntu 16.04.5 LTS"

uname:Linux 4.15.0-36-generic #39~16.04.1-Ubuntu SMP Tue Sep 25 08:59:23 UTC 2018 x86_64
libc:glibc 2.23 NPTL 2.23 
rlimit: STACK 8192k, CORE 0k, NPROC 31079, NOFILE 1048576, AS infinity
load average:0.75 0.74 0.66

/proc/meminfo:
MemTotal:        8077192 kB
MemFree:         2165912 kB
MemAvailable:    4423384 kB
Buffers:          266008 kB
Cached:          2438832 kB
SwapCached:            0 kB
Active:          3901764 kB
Inactive:        1517104 kB
Active(anon):    2715136 kB
Inactive(anon):   422668 kB
Active(file):    1186628 kB
Inactive(file):  1094436 kB
Unevictable:          56 kB
Mlocked:              56 kB
SwapTotal:       1000444 kB
SwapFree:        1000444 kB
Dirty:               440 kB
Writeback:             0 kB
AnonPages:       2714020 kB
Mapped:           644180 kB
Shmem:            423776 kB
Slab:             331176 kB
SReclaimable:     284188 kB
SUnreclaim:        46988 kB
KernelStack:       12688 kB
PageTables:        44716 kB
NFS_Unstable:          0 kB
Bounce:                0 kB
WritebackTmp:          0 kB
CommitLimit:     5039040 kB
Committed_AS:    8340956 kB
VmallocTotal:   34359738367 kB
VmallocUsed:           0 kB
VmallocChunk:          0 kB
HardwareCorrupted:     0 kB
AnonHugePages:         0 kB
ShmemHugePages:        0 kB
ShmemPmdMapped:        0 kB
CmaTotal:              0 kB
CmaFree:               0 kB
HugePages_Total:       0
HugePages_Free:        0
HugePages_Rsvd:        0
HugePages_Surp:        0
Hugepagesize:       2048 kB
DirectMap4k:      178944 kB
DirectMap2M:     8120320 kB
DirectMap1G:     1048576 kB


CPU:total 4 (initial active 4) (2 cores per cpu, 2 threads per core) family 6 model 60 stepping 3, cmov, cx8, fxsr, mmx, sse, sse2, sse3, ssse3, sse4.1, sse4.2, popcnt, avx, avx2, aes, clmul, erms, lzcnt, ht, tsc, tscinvbit, bmi1, bmi2

/proc/cpuinfo:
processor	: 0
vendor_id	: GenuineIntel
cpu family	: 6
model		: 60
model name	: Intel(R) Core(TM) i5-4210H CPU @ 2.90GHz
stepping	: 3
microcode	: 0x25
cpu MHz		: 3391.940
cache size	: 3072 KB
physical id	: 0
siblings	: 4
core id		: 0
cpu cores	: 2
apicid		: 0
initial apicid	: 0
fpu		: yes
fpu_exception	: yes
cpuid level	: 13
wp		: yes
flags		: fpu vme de pse tsc msr pae mce cx8 apic sep mtrr pge mca cmov pat pse36 clflush dts acpi mmx fxsr sse sse2 ss ht tm pbe syscall nx pdpe1gb rdtscp lm constant_tsc arch_perfmon pebs bts rep_good nopl xtopology nonstop_tsc cpuid aperfmperf pni pclmulqdq dtes64 monitor ds_cpl vmx est tm2 ssse3 sdbg fma cx16 xtpr pdcm pcid sse4_1 sse4_2 x2apic movbe popcnt tsc_deadline_timer aes xsave avx f16c rdrand lahf_lm abm cpuid_fault epb invpcid_single pti ssbd ibrs ibpb stibp tpr_shadow vnmi flexpriority ept vpid fsgsbase tsc_adjust bmi1 avx2 smep bmi2 erms invpcid xsaveopt dtherm ida arat pln pts flush_l1d
bugs		: cpu_meltdown spectre_v1 spectre_v2 spec_store_bypass l1tf
bogomips	: 5786.25
clflush size	: 64
cache_alignment	: 64
address sizes	: 39 bits physical, 48 bits virtual
power management:

processor	: 1
vendor_id	: GenuineIntel
cpu family	: 6
model		: 60
model name	: Intel(R) Core(TM) i5-4210H CPU @ 2.90GHz
stepping	: 3
microcode	: 0x25
cpu MHz		: 3391.939
cache size	: 3072 KB
physical id	: 0
siblings	: 4
core id		: 0
cpu cores	: 2
apicid		: 1
initial apicid	: 1
fpu		: yes
fpu_exception	: yes
cpuid level	: 13
wp		: yes
flags		: fpu vme de pse tsc msr pae mce cx8 apic sep mtrr pge mca cmov pat pse36 clflush dts acpi mmx fxsr sse sse2 ss ht tm pbe syscall nx pdpe1gb rdtscp lm constant_tsc arch_perfmon pebs bts rep_good nopl xtopology nonstop_tsc cpuid aperfmperf pni pclmulqdq dtes64 monitor ds_cpl vmx est tm2 ssse3 sdbg fma cx16 xtpr pdcm pcid sse4_1 sse4_2 x2apic movbe popcnt tsc_deadline_timer aes xsave avx f16c rdrand lahf_lm abm cpuid_fault epb invpcid_single pti ssbd ibrs ibpb stibp tpr_shadow vnmi flexpriority ept vpid fsgsbase tsc_adjust bmi1 avx2 smep bmi2 erms invpcid xsaveopt dtherm ida arat pln pts flush_l1d
bugs		: cpu_meltdown spectre_v1 spectre_v2 spec_store_bypass l1tf
bogomips	: 5786.25
clflush size	: 64
cache_alignment	: 64
address sizes	: 39 bits physical, 48 bits virtual
power management:

processor	: 2
vendor_id	: GenuineIntel
cpu family	: 6
model		: 60
model name	: Intel(R) Core(TM) i5-4210H CPU @ 2.90GHz
stepping	: 3
microcode	: 0x25
cpu MHz		: 3391.940
cache size	: 3072 KB
physical id	: 0
siblings	: 4
core id		: 1
cpu cores	: 2
apicid		: 2
initial apicid	: 2
fpu		: yes
fpu_exception	: yes
cpuid level	: 13
wp		: yes
flags		: fpu vme de pse tsc msr pae mce cx8 apic sep mtrr pge mca cmov pat pse36 clflush dts acpi mmx fxsr sse sse2 ss ht tm pbe syscall nx pdpe1gb rdtscp lm constant_tsc arch_perfmon pebs bts rep_good nopl xtopology nonstop_tsc cpuid aperfmperf pni pclmulqdq dtes64 monitor ds_cpl vmx est tm2 ssse3 sdbg fma cx16 xtpr pdcm pcid sse4_1 sse4_2 x2apic movbe popcnt tsc_deadline_timer aes xsave avx f16c rdrand lahf_lm abm cpuid_fault epb invpcid_single pti ssbd ibrs ibpb stibp tpr_shadow vnmi flexpriority ept vpid fsgsbase tsc_adjust bmi1 avx2 smep bmi2 erms invpcid xsaveopt dtherm ida arat pln pts flush_l1d
bugs		: cpu_meltdown spectre_v1 spectre_v2 spec_store_bypass l1tf
bogomips	: 5786.25
clflush size	: 64
cache_alignment	: 64
address sizes	: 39 bits physical, 48 bits virtual
power management:

processor	: 3
vendor_id	: GenuineIntel
cpu family	: 6
model		: 60
model name	: Intel(R) Core(TM) i5-4210H CPU @ 2.90GHz
stepping	: 3
microcode	: 0x25
cpu MHz		: 3391.939
cache size	: 3072 KB
physical id	: 0
siblings	: 4
core id		: 1
cpu cores	: 2
apicid		: 3
initial apicid	: 3
fpu		: yes
fpu_exception	: yes
cpuid level	: 13
wp		: yes
flags		: fpu vme de pse tsc msr pae mce cx8 apic sep mtrr pge mca cmov pat pse36 clflush dts acpi mmx fxsr sse sse2 ss ht tm pbe syscall nx pdpe1gb rdtscp lm constant_tsc arch_perfmon pebs bts rep_good nopl xtopology nonstop_tsc cpuid aperfmperf pni pclmulqdq dtes64 monitor ds_cpl vmx est tm2 ssse3 sdbg fma cx16 xtpr pdcm pcid sse4_1 sse4_2 x2apic movbe popcnt tsc_deadline_timer aes xsave avx f16c rdrand lahf_lm abm cpuid_fault epb invpcid_single pti ssbd ibrs ibpb stibp tpr_shadow vnmi flexpriority ept vpid fsgsbase tsc_adjust bmi1 avx2 smep bmi2 erms invpcid xsaveopt dtherm ida arat pln pts flush_l1d
bugs		: cpu_meltdown spectre_v1 spectre_v2 spec_store_bypass l1tf
bogomips	: 5786.25
clflush size	: 64
cache_alignment	: 64
address sizes	: 39 bits physical, 48 bits virtual
power management:



Memory: 4k page, physical 8077192k(2165912k free), swap 1000444k(1000444k free)

vm_info: OpenJDK 64-Bit Server VM (25.181-b13) for linux-amd64 JRE (1.8.0_181-8u181-b13-1ubuntu0.16.04.1-b13), built on Oct 23 2018 04:39:49 by "buildd" with gcc 5.4.0 20160609

time: Tue Nov 20 10:31:51 2018
elapsed time: 0 seconds (0d 0h 0m 0s)

