Determining if the pthread_create exist failed with the following output:
Change Dir: /home/viktor/Desktop/3_sempro/MySqlROS/src/beginner_tutorials/build/CMakeFiles/CMakeTmp

Run Build Command:"/usr/bin/make" "cmTC_13ddd/fast"
/usr/bin/make -f CMakeFiles/cmTC_13ddd.dir/build.make CMakeFiles/cmTC_13ddd.dir/build
make[1]: Entering directory '/home/viktor/Desktop/3_sempro/MySqlROS/src/beginner_tutorials/build/CMakeFiles/CMakeTmp'
Building C object CMakeFiles/cmTC_13ddd.dir/CheckSymbolExists.c.o
/usr/bin/cc     -o CMakeFiles/cmTC_13ddd.dir/CheckSymbolExists.c.o   -c /home/viktor/Desktop/3_sempro/MySqlROS/src/beginner_tutorials/build/CMakeFiles/CMakeTmp/CheckSymbolExists.c
Linking C executable cmTC_13ddd
/usr/bin/cmake -E cmake_link_script CMakeFiles/cmTC_13ddd.dir/link.txt --verbose=1
/usr/bin/cc       CMakeFiles/cmTC_13ddd.dir/CheckSymbolExists.c.o  -o cmTC_13ddd -rdynamic 
CMakeFiles/cmTC_13ddd.dir/CheckSymbolExists.c.o: In function `main':
CheckSymbolExists.c:(.text+0x16): undefined reference to `pthread_create'
collect2: error: ld returned 1 exit status
CMakeFiles/cmTC_13ddd.dir/build.make:97: recipe for target 'cmTC_13ddd' failed
make[1]: *** [cmTC_13ddd] Error 1
make[1]: Leaving directory '/home/viktor/Desktop/3_sempro/MySqlROS/src/beginner_tutorials/build/CMakeFiles/CMakeTmp'
Makefile:126: recipe for target 'cmTC_13ddd/fast' failed
make: *** [cmTC_13ddd/fast] Error 2

File /home/viktor/Desktop/3_sempro/MySqlROS/src/beginner_tutorials/build/CMakeFiles/CMakeTmp/CheckSymbolExists.c:
/* */
#include <pthread.h>

int main(int argc, char** argv)
{
  (void)argv;
#ifndef pthread_create
  return ((int*)(&pthread_create))[argc];
#else
  (void)argc;
  return 0;
#endif
}

Determining if the function pthread_create exists in the pthreads failed with the following output:
Change Dir: /home/viktor/Desktop/3_sempro/MySqlROS/src/beginner_tutorials/build/CMakeFiles/CMakeTmp

Run Build Command:"/usr/bin/make" "cmTC_60aae/fast"
/usr/bin/make -f CMakeFiles/cmTC_60aae.dir/build.make CMakeFiles/cmTC_60aae.dir/build
make[1]: Entering directory '/home/viktor/Desktop/3_sempro/MySqlROS/src/beginner_tutorials/build/CMakeFiles/CMakeTmp'
Building C object CMakeFiles/cmTC_60aae.dir/CheckFunctionExists.c.o
/usr/bin/cc    -DCHECK_FUNCTION_EXISTS=pthread_create   -o CMakeFiles/cmTC_60aae.dir/CheckFunctionExists.c.o   -c /usr/share/cmake-3.5/Modules/CheckFunctionExists.c
Linking C executable cmTC_60aae
/usr/bin/cmake -E cmake_link_script CMakeFiles/cmTC_60aae.dir/link.txt --verbose=1
/usr/bin/cc   -DCHECK_FUNCTION_EXISTS=pthread_create    CMakeFiles/cmTC_60aae.dir/CheckFunctionExists.c.o  -o cmTC_60aae -rdynamic -lpthreads 
/usr/bin/ld: cannot find -lpthreads
collect2: error: ld returned 1 exit status
CMakeFiles/cmTC_60aae.dir/build.make:97: recipe for target 'cmTC_60aae' failed
make[1]: *** [cmTC_60aae] Error 1
make[1]: Leaving directory '/home/viktor/Desktop/3_sempro/MySqlROS/src/beginner_tutorials/build/CMakeFiles/CMakeTmp'
Makefile:126: recipe for target 'cmTC_60aae/fast' failed
make: *** [cmTC_60aae/fast] Error 2


